#
# A fatal error has been detected by the Java Runtime Environment:
#
#  Internal Error (classFileParser.cpp:3494), pid=5272, tid=376
#  Error: ShouldNotReachHere()
#
# JRE version: 6.0_30-b12
# Java VM: Java HotSpot(TM) Client VM (20.5-b03 mixed mode windows-x86 )
# If you would like to submit a bug report, please visit:
#   http://java.sun.com/webapps/bugreport/crash.jsp
#

---------------  T H R E A D  ---------------

Current thread (0x01309c00):  JavaThread "Unknown thread" [_thread_in_vm, id=376, stack(0x00390000,0x003e0000)]

Stack: [0x00390000,0x003e0000],  sp=0x003df86c,  free space=318k
Native frames: (J=compiled Java code, j=interpreted, Vv=VM code, C=native code)
V  [jvm.dll+0x1335ca]
V  [jvm.dll+0x12e57b]
V  [jvm.dll+0x1639e]
V  [jvm.dll+0x17bdf]
V  [jvm.dll+0x26cc5]
V  [jvm.dll+0x27506]
V  [jvm.dll+0x278b5]
V  [jvm.dll+0x27949]
V  [jvm.dll+0x27a0c]
V  [jvm.dll+0x27a8a]
V  [jvm.dll+0x27b6d]
V  [jvm.dll+0x27e39]
V  [jvm.dll+0x6c383]
V  [jvm.dll+0x6c75c]
V  [jvm.dll+0xf9b4c]
V  [jvm.dll+0x11848b]
V  [jvm.dll+0x9eb60]
C  [javaw.exe+0x1657]
C  [javaw.exe+0x1e2c]
C  [javaw.exe+0x8614]
C  [kernel32.dll+0x4ed6c]  BaseThreadInitThunk+0x12
C  [ntdll.dll+0x6377b]  RtlInitializeExceptionChain+0xef
C  [ntdll.dll+0x6374e]  RtlInitializeExceptionChain+0xc2


---------------  P R O C E S S  ---------------

Java Threads: ( => current thread )

Other Threads:

=>0x01309c00 (exited) JavaThread "Unknown thread" [_thread_in_vm, id=376, stack(0x00390000,0x003e0000)]

VM state:not at safepoint (not fully initialized)

VM Mutex/Monitor currently owned by a thread: None

Dynamic libraries:
0x00400000 - 0x00425000 	C:\Program Files\Java\jre6\bin\javaw.exe
0x778c0000 - 0x779fc000 	C:\Windows\SYSTEM32\ntdll.dll
0x765e0000 - 0x766b4000 	C:\Windows\system32\kernel32.dll
0x75b20000 - 0x75b6a000 	C:\Windows\system32\KERNELBASE.dll
0x75a20000 - 0x75a57000 	C:\Program Files\AVAST Software\Avast\snxhk.dll
0x764b0000 - 0x76550000 	C:\Windows\system32\ADVAPI32.dll
0x77320000 - 0x773cc000 	C:\Windows\system32\msvcrt.dll
0x76100000 - 0x76119000 	C:\Windows\SYSTEM32\sechost.dll
0x75d50000 - 0x75df1000 	C:\Windows\system32\RPCRT4.dll
0x763e0000 - 0x764a9000 	C:\Windows\system32\USER32.dll
0x77aa0000 - 0x77aee000 	C:\Windows\system32\GDI32.dll
0x76170000 - 0x7617a000 	C:\Windows\system32\LPK.dll
0x773e0000 - 0x7747d000 	C:\Windows\system32\USP10.dll
0x77a30000 - 0x77a4f000 	C:\Windows\system32\IMM32.DLL
0x77630000 - 0x776fc000 	C:\Windows\system32\MSCTF.dll
0x7c340000 - 0x7c396000 	C:\Program Files\Java\jre6\bin\msvcr71.dll
0x6d7f0000 - 0x6da9f000 	C:\Program Files\Java\jre6\bin\client\jvm.dll
0x73eb0000 - 0x73ee2000 	C:\Windows\system32\WINMM.dll
0x75910000 - 0x7595c000 	C:\Windows\system32\apphelp.dll
0x6d7a0000 - 0x6d7ac000 	C:\Program Files\Java\jre6\bin\verify.dll
0x6d320000 - 0x6d33f000 	C:\Program Files\Java\jre6\bin\java.dll
0x6d370000 - 0x6d399000 	C:\Program Files\Java\jre6\bin\jdwp.dll
0x6d690000 - 0x6d696000 	C:\Program Files\Java\jre6\bin\npt.dll
0x6d7e0000 - 0x6d7ef000 	C:\Program Files\Java\jre6\bin\zip.dll
0x773d0000 - 0x773d5000 	C:\Windows\system32\PSAPI.DLL

VM Arguments:
jvm_args: -agentlib:jdwp=transport=dt_socket,suspend=y,address=localhost:55984 -Dfile.encoding=Cp1252 -Xbootclasspath:C:\Developer\android-sdk-windows\platforms\android-10\android.jar 
java_command: br.com.google.android.infra.Teste
Launcher Type: SUN_STANDARD

Environment Variables:
JAVA_HOME=C:\Program Files\Java\jdk1.6.0_26
CLASSPATH=.;C:\Program Files\Java\jre7\lib\ext\QTJava.zip
PATH=C:/Program Files/Java/jre7/bin/client;C:/Program Files/Java/jre7/bin;C:/Program Files/Java/jre7/lib/i386;C:\Windows\system32;C:\Windows;C:\Windows\System32\Wbem;C:\Windows\System32\WindowsPowerShell\v1.0\;C:\Program Files\MKVToolNix;C:\Program Files\Java\jdk1.6.0_26\bin;C:\Program Files\QuickTime\QTSystem\;C:\Developer\eclipse;
USERNAME=Kalil
OS=Windows_NT
PROCESSOR_IDENTIFIER=x86 Family 6 Model 23 Stepping 10, GenuineIntel



---------------  S Y S T E M  ---------------

OS: Windows 7 Build 7601 Service Pack 1

CPU:total 2 (2 cores per cpu, 1 threads per core) family 6 model 23 stepping 10, cmov, cx8, fxsr, mmx, sse, sse2, sse3, ssse3, sse4.1

Memory: 4k page, physical 3631476k(1100544k free), swap 7261196k(4458584k free)

vm_info: Java HotSpot(TM) Client VM (20.5-b03) for windows-x86 JRE (1.6.0_30-b12), built on Nov 10 2011 01:51:00 by "java_re" with MS VC++ 7.1 (VS2003)

time: Sat May 26 11:10:13 2012
elapsed time: 0 seconds

